# JRE version: Java(TM) SE Runtime Environment (8.0_111-b14) (build 1.8.0_111-b14)
# Java VM: Java HotSpot(TM) 64-Bit Server VM (25.111-b14 mixed mode windows-amd64 compressed oops)
Heap:
 PSYoungGen      total 71680K, used 23506K [0x00000000d5d00000, 0x00000000e0f80000, 0x0000000100000000)
  eden space 66560K, 35% used [0x00000000d5d00000,0x00000000d73f4b20,0x00000000d9e00000)
  from space 5120K, 0% used [0x00000000d9e00000,0x00000000d9e00000,0x00000000da300000)
  to   space 41472K, 0% used [0x00000000de700000,0x00000000de700000,0x00000000e0f80000)
 ParOldGen       total 66560K, used 66462K [0x0000000081600000, 0x0000000085700000, 0x00000000d5d00000)
  object space 66560K, 99% used [0x0000000081600000,0x00000000856e7bb8,0x0000000085700000)
 Metaspace       used 30086K, capacity 30874K, committed 30976K, reserved 1075200K
  class space    used 4116K, capacity 4304K, committed 4352K, reserved 1048576K
GC Heap History (10 events):
Event: 3.375 GC heap before
{Heap before GC invocations=4 (full 1):
 PSYoungGen      total 38400K, used 5097K [0x00000000d5d00000, 0x00000000da800000, 0x0000000100000000)
  eden space 33280K, 0% used [0x00000000d5d00000,0x00000000d5d00000,0x00000000d7d80000)
  from space 5120K, 99% used [0x00000000d7d80000,0x00000000d827a600,0x00000000d8280000)
  to   space 5120K, 0% used [0x00000000da300000,0x00000000da300000,0x00000000da800000)
 ParOldGen       total 87552K, used 12618K [0x0000000081600000, 0x0000000086b80000, 0x00000000d5d00000)
  object space 87552K, 14% used [0x0000000081600000,0x00000000822528f0,0x0000000086b80000)
 Metaspace       used 20470K, capacity 21160K, committed 21296K, reserved 1067008K
  class space    used 2939K, capacity 3117K, committed 3200K, reserved 1048576K
Event: 3.410 GC heap after
Heap after GC invocations=4 (full 1):
 PSYoungGen      total 38400K, used 0K [0x00000000d5d00000, 0x00000000da800000, 0x0000000100000000)
  eden space 33280K, 0% used [0x00000000d5d00000,0x00000000d5d00000,0x00000000d7d80000)
  from space 5120K, 0% used [0x00000000d7d80000,0x00000000d7d80000,0x00000000d8280000)
  to   space 5120K, 0% used [0x00000000da300000,0x00000000da300000,0x00000000da800000)
 ParOldGen       total 66560K, used 13848K [0x0000000081600000, 0x0000000085700000, 0x00000000d5d00000)
  object space 66560K, 20% used [0x0000000081600000,0x00000000823860b0,0x0000000085700000)
 Metaspace       used 20470K, capacity 21160K, committed 21296K, reserved 1067008K
  class space    used 2939K, capacity 3117K, committed 3200K, reserved 1048576K
}
Event: 4.999 GC heap before
{Heap before GC invocations=5 (full 1):
 PSYoungGen      total 38400K, used 33280K [0x00000000d5d00000, 0x00000000da800000, 0x0000000100000000)
  eden space 33280K, 100% used [0x00000000d5d00000,0x00000000d7d80000,0x00000000d7d80000)
  from space 5120K, 0% used [0x00000000d7d80000,0x00000000d7d80000,0x00000000d8280000)
  to   space 5120K, 0% used [0x00000000da300000,0x00000000da300000,0x00000000da800000)
 ParOldGen       total 66560K, used 13848K [0x0000000081600000, 0x0000000085700000, 0x00000000d5d00000)
  object space 66560K, 20% used [0x0000000081600000,0x00000000823860b0,0x0000000085700000)
 Metaspace       used 28216K, capacity 29006K, committed 29312K, reserved 1075200K
  class space    used 3916K, capacity 4110K, committed 4224K, reserved 1048576K
Event: 5.011 GC heap after
Heap after GC invocations=5 (full 1):
 PSYoungGen      total 61440K, used 5104K [0x00000000d5d00000, 0x00000000da800000, 0x0000000100000000)
  eden space 56320K, 0% used [0x00000000d5d00000,0x00000000d5d00000,0x00000000d9400000)
  from space 5120K, 99% used [0x00000000da300000,0x00000000da7fc100,0x00000000da800000)
  to   space 5120K, 0% used [0x00000000d9e00000,0x00000000d9e00000,0x00000000da300000)
 ParOldGen       total 66560K, used 15396K [0x0000000081600000, 0x0000000085700000, 0x00000000d5d00000)
  object space 66560K, 23% used [0x0000000081600000,0x0000000082509228,0x0000000085700000)
 Metaspace       used 28216K, capacity 29006K, committed 29312K, reserved 1075200K
  class space    used 3916K, capacity 4110K, committed 4224K, reserved 1048576K
}
Event: 5.757 GC heap before
{Heap before GC invocations=6 (full 1):
 PSYoungGen      total 61440K, used 61424K [0x00000000d5d00000, 0x00000000da800000, 0x0000000100000000)
  eden space 56320K, 100% used [0x00000000d5d00000,0x00000000d9400000,0x00000000d9400000)
  from space 5120K, 99% used [0x00000000da300000,0x00000000da7fc100,0x00000000da800000)
  to   space 5120K, 0% used [0x00000000d9e00000,0x00000000d9e00000,0x00000000da300000)
 ParOldGen       total 66560K, used 15396K [0x0000000081600000, 0x0000000085700000, 0x00000000d5d00000)
  object space 66560K, 23% used [0x0000000081600000,0x0000000082509228,0x0000000085700000)
 Metaspace       used 29881K, capacity 30606K, committed 30720K, reserved 1075200K
  class space    used 4106K, capacity 4302K, committed 4352K, reserved 1048576K
Event: 5.819 GC heap after
Heap after GC invocations=6 (full 1):
 PSYoungGen      total 71680K, used 5112K [0x00000000d5d00000, 0x00000000e0f80000, 0x0000000100000000)
  eden space 66560K, 0% used [0x00000000d5d00000,0x00000000d5d00000,0x00000000d9e00000)
  from space 5120K, 99% used [0x00000000d9e00000,0x00000000da2fe3c8,0x00000000da300000)
  to   space 41472K, 0% used [0x00000000de700000,0x00000000de700000,0x00000000e0f80000)
 ParOldGen       total 66560K, used 61406K [0x0000000081600000, 0x0000000085700000, 0x00000000d5d00000)
  object space 66560K, 92% used [0x0000000081600000,0x00000000851f7828,0x0000000085700000)
 Metaspace       used 29881K, capacity 30606K, committed 30720K, reserved 1075200K
  class space    used 4106K, capacity 4302K, committed 4352K, reserved 1048576K
}
Event: 5.819 GC heap before
{Heap before GC invocations=7 (full 2):
 PSYoungGen      total 71680K, used 5112K [0x00000000d5d00000, 0x00000000e0f80000, 0x0000000100000000)
  eden space 66560K, 0% used [0x00000000d5d00000,0x00000000d5d00000,0x00000000d9e00000)
  from space 5120K, 99% used [0x00000000d9e00000,0x00000000da2fe3c8,0x00000000da300000)
  to   space 41472K, 0% used [0x00000000de700000,0x00000000de700000,0x00000000e0f80000)
 ParOldGen       total 66560K, used 61406K [0x0000000081600000, 0x0000000085700000, 0x00000000d5d00000)
  object space 66560K, 92% used [0x0000000081600000,0x00000000851f7828,0x0000000085700000)
 Metaspace       used 29881K, capacity 30606K, committed 30720K, reserved 1075200K
  class space    used 4106K, capacity 4302K, committed 4352K, reserved 1048576K
Event: 6.237 GC heap after
Heap after GC invocations=7 (full 2):
 PSYoungGen      total 71680K, used 0K [0x00000000d5d00000, 0x00000000e0f80000, 0x0000000100000000)
  eden space 66560K, 0% used [0x00000000d5d00000,0x00000000d5d00000,0x00000000d9e00000)
  from space 5120K, 0% used [0x00000000d9e00000,0x00000000d9e00000,0x00000000da300000)
  to   space 41472K, 0% used [0x00000000de700000,0x00000000de700000,0x00000000e0f80000)
 ParOldGen       total 66560K, used 64087K [0x0000000081600000, 0x0000000085700000, 0x00000000d5d00000)
  object space 66560K, 96% used [0x0000000081600000,0x0000000085495e78,0x0000000085700000)
 Metaspace       used 29881K, capacity 30606K, committed 30720K, reserved 1075200K
  class space    used 4106K, capacity 4302K, committed 4352K, reserved 1048576K
}
Event: 6.599 GC heap before
{Heap before GC invocations=8 (full 3):
 PSYoungGen      total 71680K, used 66560K [0x00000000d5d00000, 0x00000000e0f80000, 0x0000000100000000)
  eden space 66560K, 100% used [0x00000000d5d00000,0x00000000d9e00000,0x00000000d9e00000)
  from space 5120K, 0% used [0x00000000d9e00000,0x00000000d9e00000,0x00000000da300000)
  to   space 41472K, 0% used [0x00000000de700000,0x00000000de700000,0x00000000e0f80000)
 ParOldGen       total 66560K, used 64087K [0x0000000081600000, 0x0000000085700000, 0x00000000d5d00000)
  object space 66560K, 96% used [0x0000000081600000,0x0000000085495e78,0x0000000085700000)
 Metaspace       used 30086K, capacity 30874K, committed 30976K, reserved 1075200K
  class space    used 4116K, capacity 4304K, committed 4352K, reserved 1048576K
Event: 7.030 GC heap after
Heap after GC invocations=8 (full 3):
 PSYoungGen      total 71680K, used 17143K [0x00000000d5d00000, 0x00000000e0f80000, 0x0000000100000000)
  eden space 66560K, 25% used [0x00000000d5d00000,0x00000000d6dbdce0,0x00000000d9e00000)
  from space 5120K, 0% used [0x00000000d9e00000,0x00000000d9e00000,0x00000000da300000)
  to   space 41472K, 0% used [0x00000000de700000,0x00000000de700000,0x00000000e0f80000)
 ParOldGen       total 66560K, used 66462K [0x0000000081600000, 0x0000000085700000, 0x00000000d5d00000)
  object space 66560K, 99% used [0x0000000081600000,0x00000000856e7bb8,0x0000000085700000)
 Metaspace       used 30086K, capacity 30874K, committed 30976K, reserved 1075200K
  class space    used 4116K, capacity 4304K, committed 4352K, reserved 1048576K
}

